<?xml version="1.0" encoding="UTF-8"?>
<!-- Generated by org.testng.reporters.JUnitReportReporter -->
<testsuite hostname="DESKTOP-OET6KL6" failures="0" tests="18" name="Tests.LoginTest" time="15.871" errors="1" timestamp="2024-05-27T18:22:22 IST" skipped="17">
  <testcase classname="Tests.LoginTest" name="StartApp" time="15.871">
    <error message="Could not start a new session. Response code 500. Message: An unknown server-side error occurred while processing the command. Original error: Could not proxy command to the remote server. Original error: socket hang up 
Host info: host: &#039;DESKTOP-OET6KL6&#039;, ip: &#039;192.168.88.198&#039;
Build info: version: &#039;4.8.1&#039;, revision: &#039;8ebccac989&#039;
System info: os.name: &#039;Windows 11&#039;, os.arch: &#039;amd64&#039;, os.version: &#039;10.0&#039;, java.version: &#039;17.0.10&#039;
Driver info: io.appium.java_client.android.AndroidDriver
Command: [null, newSession {capabilities=[{appium:adbExecTimeout=120000, appium:app=E:\Automation Workspace\FrameXMobile\src\test\resources\Apps\Frametest.apk, appium:appActivity=com.fieldlytics.frame.MainActivity, appium:appPackage=com.fieldlytics.framex, appium:autoGrantPermissions=false, appium:automationName=UIAutomator2, appium:deviceName=13870818260003I, appium:ignoreUnimportantViews=true, appium:newCommandTimeout=100, platformName=ANDROID, appium:skipDeviceInitialization=false, appium:skipServerInstallation=false, appium:skipUnlock=false}], desiredCapabilities=Capabilities {adbExecTimeout: 120000, app: E:\Automation Workspace\Fra..., appActivity: com.fieldlytics.frame.MainA..., appPackage: com.fieldlytics.framex, autoGrantPermissions: false, automationName: UIAutomator2, deviceName: 13870818260003I, ignoreUnimportantViews: true, newCommandTimeout: 100, platformName: ANDROID, skipDeviceInitialization: false, skipServerInstallation: false, skipUnlock: false}}]
Capabilities {adbExecTimeout: 120000, app: E:\Automation Workspace\Fra..., appActivity: com.fieldlytics.frame.MainA..., appPackage: com.fieldlytics.framex, autoGrantPermissions: false, automationName: UIAutomator2, deviceName: 13870818260003I, ignoreUnimportantViews: true, newCommandTimeout: 100, platformName: ANDROID, skipDeviceInitialization: false, skipServerInstallation: false, skipUnlock: false}" type="org.openqa.selenium.SessionNotCreatedException">
      <![CDATA[org.openqa.selenium.SessionNotCreatedException: Could not start a new session. Response code 500. Message: An unknown server-side error occurred while processing the command. Original error: Could not proxy command to the remote server. Original error: socket hang up 
Host info: host: 'DESKTOP-OET6KL6', ip: '192.168.88.198'
Build info: version: '4.8.1', revision: '8ebccac989'
System info: os.name: 'Windows 11', os.arch: 'amd64', os.version: '10.0', java.version: '17.0.10'
Driver info: io.appium.java_client.android.AndroidDriver
Command: [null, newSession {capabilities=[{appium:adbExecTimeout=120000, appium:app=E:\Automation Workspace\FrameXMobile\src\test\resources\Apps\Frametest.apk, appium:appActivity=com.fieldlytics.frame.MainActivity, appium:appPackage=com.fieldlytics.framex, appium:autoGrantPermissions=false, appium:automationName=UIAutomator2, appium:deviceName=13870818260003I, appium:ignoreUnimportantViews=true, appium:newCommandTimeout=100, platformName=ANDROID, appium:skipDeviceInitialization=false, appium:skipServerInstallation=false, appium:skipUnlock=false}], desiredCapabilities=Capabilities {adbExecTimeout: 120000, app: E:\Automation Workspace\Fra..., appActivity: com.fieldlytics.frame.MainA..., appPackage: com.fieldlytics.framex, autoGrantPermissions: false, automationName: UIAutomator2, deviceName: 13870818260003I, ignoreUnimportantViews: true, newCommandTimeout: 100, platformName: ANDROID, skipDeviceInitialization: false, skipServerInstallation: false, skipUnlock: false}}]
Capabilities {adbExecTimeout: 120000, app: E:\Automation Workspace\Fra..., appActivity: com.fieldlytics.frame.MainA..., appPackage: com.fieldlytics.framex, autoGrantPermissions: false, automationName: UIAutomator2, deviceName: 13870818260003I, ignoreUnimportantViews: true, newCommandTimeout: 100, platformName: ANDROID, skipDeviceInitialization: false, skipServerInstallation: false, skipUnlock: false}
at org.openqa.selenium.remote.ProtocolHandshake.createSession(ProtocolHandshake.java:148)
at java.base/jdk.internal.reflect.NativeMethodAccessorImpl.invoke0(Native Method)
at java.base/jdk.internal.reflect.NativeMethodAccessorImpl.invoke(NativeMethodAccessorImpl.java:77)
at java.base/jdk.internal.reflect.DelegatingMethodAccessorImpl.invoke(DelegatingMethodAccessorImpl.java:43)
at java.base/java.lang.reflect.Method.invoke(Method.java:568)
at io.appium.java_client.remote.AppiumProtocolHandshake.createSession(AppiumProtocolHandshake.java:133)
at io.appium.java_client.remote.AppiumProtocolHandshake.createSession(AppiumProtocolHandshake.java:102)
at io.appium.java_client.remote.AppiumCommandExecutor.createSession(AppiumCommandExecutor.java:194)
at io.appium.java_client.remote.AppiumCommandExecutor.execute(AppiumCommandExecutor.java:262)
at org.openqa.selenium.remote.RemoteWebDriver.execute(RemoteWebDriver.java:543)
at io.appium.java_client.AppiumDriver.startSession(AppiumDriver.java:229)
at org.openqa.selenium.remote.RemoteWebDriver.<init>(RemoteWebDriver.java:157)
at io.appium.java_client.AppiumDriver.<init>(AppiumDriver.java:80)
at io.appium.java_client.AppiumDriver.<init>(AppiumDriver.java:92)
at io.appium.java_client.android.AndroidDriver.<init>(AndroidDriver.java:117)
at Base.TestSetup.StartApp(TestSetup.java:81)
at java.base/jdk.internal.reflect.NativeMethodAccessorImpl.invoke0(Native Method)
at java.base/jdk.internal.reflect.NativeMethodAccessorImpl.invoke(NativeMethodAccessorImpl.java:77)
at java.base/jdk.internal.reflect.DelegatingMethodAccessorImpl.invoke(DelegatingMethodAccessorImpl.java:43)
at java.base/java.lang.reflect.Method.invoke(Method.java:568)
at org.testng.internal.invokers.MethodInvocationHelper.invokeMethod(MethodInvocationHelper.java:139)
at org.testng.internal.invokers.MethodInvocationHelper.invokeMethodConsideringTimeout(MethodInvocationHelper.java:69)
at org.testng.internal.invokers.ConfigInvoker.invokeConfigurationMethod(ConfigInvoker.java:361)
at org.testng.internal.invokers.ConfigInvoker.invokeConfigurations(ConfigInvoker.java:296)
at org.testng.SuiteRunner.privateRun(SuiteRunner.java:376)
at org.testng.SuiteRunner.run(SuiteRunner.java:330)
at org.testng.SuiteRunnerWorker.runSuite(SuiteRunnerWorker.java:52)
at org.testng.SuiteRunnerWorker.run(SuiteRunnerWorker.java:95)
at org.testng.TestNG.runSuitesSequentially(TestNG.java:1256)
at org.testng.TestNG.runSuitesLocally(TestNG.java:1176)
at org.testng.TestNG.runSuites(TestNG.java:1099)
at org.testng.TestNG.run(TestNG.java:1067)
at Tests.Main.main(Main.java:34)
]]>
    </error>
  </testcase> <!-- StartApp -->
  <system-out/>
  <testcase classname="Tests.LoginTest" name="TC_001_Verify_Login_With_Valid_Credentials" time="0.000">
    <skipped/>
  </testcase> <!-- TC_001_Verify_Login_With_Valid_Credentials -->
  <system-out/>
  <testcase classname="Tests.LoginTest" name="TC_002_Verify_Login_With_Invalid_Username" time="0.000">
    <skipped/>
  </testcase> <!-- TC_002_Verify_Login_With_Invalid_Username -->
  <system-out/>
  <testcase classname="Tests.LoginTest" name="TC_003_Verify_Login_With_Invalid_Password" time="0.000">
    <skipped/>
  </testcase> <!-- TC_003_Verify_Login_With_Invalid_Password -->
  <system-out/>
  <testcase classname="Tests.LoginTest" name="TC_004_Verify_Login_With_Invalid_Project" time="0.000">
    <skipped/>
  </testcase> <!-- TC_004_Verify_Login_With_Invalid_Project -->
  <system-out/>
  <testcase classname="Tests.LoginTest" name="TC_005_Verify_Login_With_Invalid_Mobile_Number" time="0.000">
    <skipped/>
  </testcase> <!-- TC_005_Verify_Login_With_Invalid_Mobile_Number -->
  <system-out/>
  <testcase classname="Tests.LoginTest" name="TC_006_Verify_Login_Without_Entering_Username" time="0.000">
    <skipped/>
  </testcase> <!-- TC_006_Verify_Login_Without_Entering_Username -->
  <system-out/>
  <testcase classname="Tests.LoginTest" name="TC_007_Verify_Login_Without_Entering_Password" time="0.000">
    <skipped/>
  </testcase> <!-- TC_007_Verify_Login_Without_Entering_Password -->
  <system-out/>
  <testcase classname="Tests.LoginTest" name="TC_008_Verify_Login_Without_Entering_Project" time="0.000">
    <skipped/>
  </testcase> <!-- TC_008_Verify_Login_Without_Entering_Project -->
  <system-out/>
  <testcase classname="Tests.LoginTest" name="TC_009_Verify_Login_Without_Entering_Mobile_Number" time="0.000">
    <skipped/>
  </testcase> <!-- TC_009_Verify_Login_Without_Entering_Mobile_Number -->
  <system-out/>
  <testcase classname="Tests.LoginTest" name="TC_010_Verify_UsernameTextboxCharacterLimit" time="0.000">
    <skipped/>
  </testcase> <!-- TC_010_Verify_UsernameTextboxCharacterLimit -->
  <system-out/>
  <testcase classname="Tests.LoginTest" name="TC_011_Verify_UsernameTextboxAcceptsSpecialCharacters" time="0.000">
    <skipped/>
  </testcase> <!-- TC_011_Verify_UsernameTextboxAcceptsSpecialCharacters -->
  <system-out/>
  <testcase classname="Tests.LoginTest" name="TC_012_Verify_UsernameTextboxAcceptsNumbers" time="0.000">
    <skipped/>
  </testcase> <!-- TC_012_Verify_UsernameTextboxAcceptsNumbers -->
  <system-out/>
  <testcase classname="Tests.LoginTest" name="TC_013_Verify_PasswordTextboxCharacterLimit" time="0.000">
    <skipped/>
  </testcase> <!-- TC_013_Verify_PasswordTextboxCharacterLimit -->
  <system-out/>
  <testcase classname="Tests.LoginTest" name="TC_014_Verify_ProjectTextboxCharacterLimit" time="0.000">
    <skipped/>
  </testcase> <!-- TC_014_Verify_ProjectTextboxCharacterLimit -->
  <system-out/>
  <testcase classname="Tests.LoginTest" name="TC_015_Verify_ProjectTextboxAcceptsSpecialCharacters" time="0.000">
    <skipped/>
  </testcase> <!-- TC_015_Verify_ProjectTextboxAcceptsSpecialCharacters -->
  <system-out/>
  <testcase classname="Tests.LoginTest" name="TC_016_Verify_ProjectTextboxAcceptsNumbers" time="0.000">
    <skipped/>
  </testcase> <!-- TC_016_Verify_ProjectTextboxAcceptsNumbers -->
  <system-out/>
  <testcase classname="Tests.LoginTest" name="TC_017_Verify_MobileNumberTextboxCharacterLimit" time="0.000">
    <skipped/>
  </testcase> <!-- TC_017_Verify_MobileNumberTextboxCharacterLimit -->
  <system-out/>
</testsuite> <!-- Tests.LoginTest -->
