<?xml version="1.0" encoding="UTF-8"?>
<!-- Generated by org.testng.reporters.JUnitReportReporter -->
<testsuite hostname="DESKTOP-OET6KL6" failures="0" tests="7" name="Tests.ResourceCentreTest" time="24.009" errors="0" timestamp="2024-05-22T15:49:05 IST" skipped="0">
  <testcase classname="Tests.ResourceCentreTest" name="TC_001_Verify_ResourceCenter_Module_Displayed" time="4.016"/>
  <system-out/>
  <testcase classname="Tests.ResourceCentreTest" name="TC002_VerifyPPTXFileDownloaded" time="4.156"/>
  <system-out/>
  <testcase classname="Tests.ResourceCentreTest" name="TC003_VerifyMP4FileDownloaded" time="3.322"/>
  <system-out/>
  <testcase classname="Tests.ResourceCentreTest" name="TC004_VerifyPDFFileDownloaded" time="3.244"/>
  <system-out/>
  <testcase classname="Tests.ResourceCentreTest" name="TC005_VerifyDOCXFileDownloaded" time="2.994"/>
  <system-out/>
  <testcase classname="Tests.ResourceCentreTest" name="TC006_VerifyJPGFileDownloaded" time="3.107"/>
  <system-out/>
  <testcase classname="Tests.ResourceCentreTest" name="TC007_VerifyXLSXFileDownloaded" time="3.170"/>
  <system-out/>
</testsuite> <!-- Tests.ResourceCentreTest -->
