<?xml version="1.0" encoding="UTF-8"?>
<!-- Generated by org.testng.reporters.JUnitReportReporter -->
<testsuite hostname="DESKTOP-OET6KL6" failures="0" tests="2" name="Tests.VisitorLoginTest" time="0.000" errors="0" timestamp="2024-06-03T19:30:55 IST" skipped="2">
  <testcase classname="Tests.VisitorLoginTest" name="TC_001_VerifyVisitorLoginModuleDisplayed" time="0.000">
    <skipped/>
  </testcase> <!-- TC_001_VerifyVisitorLoginModuleDisplayed -->
  <system-out/>
  <testcase classname="Tests.VisitorLoginTest" name="TC_015_Verify_Visitor_Upload" time="0.000">
    <skipped/>
  </testcase> <!-- TC_015_Verify_Visitor_Upload -->
  <system-out/>
</testsuite> <!-- Tests.VisitorLoginTest -->
