<?xml version="1.0" encoding="UTF-8"?>
<!-- Generated by org.testng.reporters.JUnitReportReporter -->
<testsuite hostname="DESKTOP-OET6KL6" failures="1" tests="15" name="Tests.VisitorLoginTest" time="2.411" errors="0" timestamp="2024-06-04T12:33:21 IST" skipped="14">
  <testcase classname="Tests.VisitorLoginTest" name="TC_001_VerifyVisitorLoginModuleDisplayed" time="2.410">
    <failure message="TestCase Failed : Visitor Login module is not displayed" type="java.lang.AssertionError">
      <![CDATA[java.lang.AssertionError: TestCase Failed : Visitor Login module is not displayed
at org.testng.Assert.fail(Assert.java:99)
at Utilities.AppUtils.verifyModuleDisplayedStatus(AppUtils.java:316)
at Tests.VisitorLoginTest.TC_001_VerifyVisitorLoginModuleDisplayed(VisitorLoginTest.java:30)
at java.base/jdk.internal.reflect.DirectMethodHandleAccessor.invoke(DirectMethodHandleAccessor.java:103)
at java.base/java.lang.reflect.Method.invoke(Method.java:580)
at org.testng.internal.MethodInvocationHelper.invokeMethod(MethodInvocationHelper.java:133)
at org.testng.internal.TestInvoker.invokeMethod(TestInvoker.java:598)
at org.testng.internal.TestInvoker.invokeTestMethod(TestInvoker.java:173)
at org.testng.internal.MethodRunner.runInSequence(MethodRunner.java:46)
at org.testng.internal.TestInvoker$MethodInvocationAgent.invoke(TestInvoker.java:824)
at org.testng.internal.TestInvoker.invokeTestMethods(TestInvoker.java:146)
at org.testng.internal.TestMethodWorker.invokeTestMethods(TestMethodWorker.java:146)
at org.testng.internal.TestMethodWorker.run(TestMethodWorker.java:128)
at java.base/java.util.ArrayList.forEach(ArrayList.java:1596)
at org.testng.TestRunner.privateRun(TestRunner.java:794)
at org.testng.TestRunner.run(TestRunner.java:596)
at org.testng.SuiteRunner.runTest(SuiteRunner.java:377)
at org.testng.SuiteRunner.runSequentially(SuiteRunner.java:371)
at org.testng.SuiteRunner.privateRun(SuiteRunner.java:332)
at org.testng.SuiteRunner.run(SuiteRunner.java:276)
at org.testng.SuiteRunnerWorker.runSuite(SuiteRunnerWorker.java:53)
at org.testng.SuiteRunnerWorker.run(SuiteRunnerWorker.java:96)
at org.testng.TestNG.runSuitesSequentially(TestNG.java:1212)
at org.testng.TestNG.runSuitesLocally(TestNG.java:1134)
at org.testng.TestNG.runSuites(TestNG.java:1063)
at org.testng.TestNG.run(TestNG.java:1031)
at Tests.Main.main(Main.java:34)
]]>
    </failure>
  </testcase> <!-- TC_001_VerifyVisitorLoginModuleDisplayed -->
  <system-out/>
  <testcase classname="Tests.VisitorLoginTest" name="TC_002_VerifySubmitButtonWithoutEnteringFields" time="0.001">
    <skipped/>
  </testcase> <!-- TC_002_VerifySubmitButtonWithoutEnteringFields -->
  <system-out/>
  <testcase classname="Tests.VisitorLoginTest" name="TC_003_VerifyVisitorEmpIDTextboxCharacterLimit" time="0.000">
    <skipped/>
  </testcase> <!-- TC_003_VerifyVisitorEmpIDTextboxCharacterLimit -->
  <system-out/>
  <testcase classname="Tests.VisitorLoginTest" name="TC_004_VerifyVisitorEmpIDTextboxAcceptsSpecialCharacters" time="0.000">
    <skipped/>
  </testcase> <!-- TC_004_VerifyVisitorEmpIDTextboxAcceptsSpecialCharacters -->
  <system-out/>
  <testcase classname="Tests.VisitorLoginTest" name="TC_005_VerifyVisitorEmpIDTextboxAcceptsNumbers" time="0.000">
    <skipped/>
  </testcase> <!-- TC_005_VerifyVisitorEmpIDTextboxAcceptsNumbers -->
  <system-out/>
  <testcase classname="Tests.VisitorLoginTest" name="TC_006_VerifyVisitorNameTextboxCharacterLimit" time="0.000">
    <skipped/>
  </testcase> <!-- TC_006_VerifyVisitorNameTextboxCharacterLimit -->
  <system-out/>
  <testcase classname="Tests.VisitorLoginTest" name="TC_007_VerifyVisitorNameTextboxAcceptsSpecialCharacters" time="0.000">
    <skipped/>
  </testcase> <!-- TC_007_VerifyVisitorNameTextboxAcceptsSpecialCharacters -->
  <system-out/>
  <testcase classname="Tests.VisitorLoginTest" name="TC_008_VerifyVisitorNameTextboxAcceptsNumbers" time="0.000">
    <skipped/>
  </testcase> <!-- TC_008_VerifyVisitorNameTextboxAcceptsNumbers -->
  <system-out/>
  <testcase classname="Tests.VisitorLoginTest" name="TC_009_VerifyDesignationTextboxCharacterLimit" time="0.000">
    <skipped/>
  </testcase> <!-- TC_009_VerifyDesignationTextboxCharacterLimit -->
  <system-out/>
  <testcase classname="Tests.VisitorLoginTest" name="TC_010_VerifyDesignationTextboxAcceptsSpecialCharacters" time="0.000">
    <skipped/>
  </testcase> <!-- TC_010_VerifyDesignationTextboxAcceptsSpecialCharacters -->
  <system-out/>
  <testcase classname="Tests.VisitorLoginTest" name="TC_011_VerifyDesignationTextboxAcceptsNumbers" time="0.000">
    <skipped/>
  </testcase> <!-- TC_011_VerifyDesignationTextboxAcceptsNumbers -->
  <system-out/>
  <testcase classname="Tests.VisitorLoginTest" name="TC_012_VerifyRemarksTextboxCharacterLimit" time="0.000">
    <skipped/>
  </testcase> <!-- TC_012_VerifyRemarksTextboxCharacterLimit -->
  <system-out/>
  <testcase classname="Tests.VisitorLoginTest" name="TC_013_VerifyRemarksTextboxAcceptsSpecialCharacters" time="0.000">
    <skipped/>
  </testcase> <!-- TC_013_VerifyRemarksTextboxAcceptsSpecialCharacters -->
  <system-out/>
  <testcase classname="Tests.VisitorLoginTest" name="TC_014_Verify_RemarksTextboxAcceptsNumbers" time="0.000">
    <skipped/>
  </testcase> <!-- TC_014_Verify_RemarksTextboxAcceptsNumbers -->
  <system-out/>
  <testcase classname="Tests.VisitorLoginTest" name="TC_015_Verify_Visitor_Upload" time="0.000">
    <skipped/>
  </testcase> <!-- TC_015_Verify_Visitor_Upload -->
  <system-out/>
</testsuite> <!-- Tests.VisitorLoginTest -->
