<?xml version="1.0" encoding="UTF-8"?>
<!-- Generated by org.testng.reporters.JUnitReportReporter -->
<testsuite hostname="DESKTOP-OET6KL6" failures="0" tests="7" name="Tests.ResourceCentreTest" time="29.058" errors="0" timestamp="2024-05-27T17:55:20 IST" skipped="0">
  <testcase classname="Tests.ResourceCentreTest" name="TC_001_Verify_ResourceCenter_Module_Displayed" time="4.425"/>
  <system-out/>
  <testcase classname="Tests.ResourceCentreTest" name="TC002_VerifyPPTXFileDownloaded" time="5.407"/>
  <system-out/>
  <testcase classname="Tests.ResourceCentreTest" name="TC003_VerifyMP4FileDownloaded" time="3.551"/>
  <system-out/>
  <testcase classname="Tests.ResourceCentreTest" name="TC004_VerifyPDFFileDownloaded" time="4.479"/>
  <system-out/>
  <testcase classname="Tests.ResourceCentreTest" name="TC005_VerifyDOCXFileDownloaded" time="3.365"/>
  <system-out/>
  <testcase classname="Tests.ResourceCentreTest" name="TC006_VerifyJPGFileDownloaded" time="3.763"/>
  <system-out/>
  <testcase classname="Tests.ResourceCentreTest" name="TC007_VerifyXLSXFileDownloaded" time="4.068"/>
  <system-out/>
</testsuite> <!-- Tests.ResourceCentreTest -->
