<?xml version="1.0" encoding="UTF-8"?>
<!-- Generated by org.testng.reporters.JUnitReportReporter -->
<testsuite hostname="DESKTOP-OET6KL6" failures="0" tests="5" name="Tests.CallPlanTest" time="0.000" errors="0" timestamp="2024-05-27T18:22:22 IST" skipped="5">
  <testcase classname="Tests.CallPlanTest" name="TC_001_Verify_Call_Plan_Module_Displayed" time="0.000">
    <skipped/>
  </testcase> <!-- TC_001_Verify_Call_Plan_Module_Displayed -->
  <system-out/>
  <testcase classname="Tests.CallPlanTest" name="TC_002_Verify_Sync_Button_Functionality" time="0.000">
    <skipped/>
  </testcase> <!-- TC_002_Verify_Sync_Button_Functionality -->
  <system-out/>
  <testcase classname="Tests.CallPlanTest" name="TC_003_Verify_5_Minute_Sync_Process" time="0.000">
    <skipped/>
  </testcase> <!-- TC_003_Verify_5_Minute_Sync_Process -->
  <system-out/>
  <testcase classname="Tests.CallPlanTest" name="TC_005_Verify_Upload_Button_Without_Completing_Form" time="0.000">
    <skipped/>
  </testcase> <!-- TC_005_Verify_Upload_Button_Without_Completing_Form -->
  <system-out/>
  <testcase classname="Tests.CallPlanTest" name="TC_009_Verify_Call_Upload" time="0.000">
    <skipped/>
  </testcase> <!-- TC_009_Verify_Call_Upload -->
  <system-out/>
</testsuite> <!-- Tests.CallPlanTest -->
