<?xml version="1.0" encoding="UTF-8"?>
<!-- Generated by org.testng.reporters.JUnitReportReporter -->
<testsuite hostname="DESKTOP-OET6KL6" failures="0" tests="4" name="Tests.DownloadcallsTest" time="43.582" errors="0" timestamp="2024-05-21T19:37:04 IST" skipped="0">
  <testcase classname="Tests.DownloadcallsTest" name="TC_001_VerifyDownloadCallsModuleIsDisplayed" time="15.729"/>
  <system-out/>
  <testcase classname="Tests.DownloadcallsTest" name="TC_003_VerifyDuplicateCallDownload" time="14.749"/>
  <system-out/>
  <testcase classname="Tests.DownloadcallsTest" name="TC_004_VerifyInvalidTargetDownload" time="7.734"/>
  <system-out/>
  <testcase classname="Tests.DownloadcallsTest" name="TC_006_VerifySubmitButtonWithoutAddingTarget" time="5.370"/>
  <system-out/>
</testsuite> <!-- Tests.DownloadcallsTest -->
