<?xml version="1.0" encoding="UTF-8"?>
<!-- Generated by org.testng.reporters.JUnitReportReporter -->
<testsuite hostname="DESKTOP-OET6KL6" failures="0" tests="2" name="Tests.DownloadcallsTest" time="0.001" errors="0" timestamp="2024-05-20T19:30:43 IST" skipped="2">
  <testcase classname="Tests.DownloadcallsTest" name="TC_001_VerifyDownloadCallsModuleIsDisplayed" time="0.000">
    <skipped/>
  </testcase> <!-- TC_001_VerifyDownloadCallsModuleIsDisplayed -->
  <system-out/>
  <testcase classname="Tests.DownloadcallsTest" name="TC_002_VerifyCallsAreDownloaded" time="0.001">
    <skipped/>
  </testcase> <!-- TC_002_VerifyCallsAreDownloaded -->
  <system-out/>
</testsuite> <!-- Tests.DownloadcallsTest -->
