<?xml version="1.0" encoding="UTF-8"?>
<!-- Generated by org.testng.reporters.JUnitReportReporter -->
<testsuite hostname="DESKTOP-OET6KL6" failures="0" tests="1" name="Tests.LoginTest" time="21.035" errors="0" timestamp="2024-05-30T12:17:21 IST" skipped="0">
  <testcase classname="Tests.LoginTest" name="TC_001_Verify_Login_With_Valid_Credentials" time="21.035"/>
  <system-out/>
</testsuite> <!-- Tests.LoginTest -->
