<?xml version="1.0" encoding="UTF-8"?>
<!-- Generated by org.testng.reporters.JUnitReportReporter -->
<testsuite hostname="DESKTOP-OET6KL6" failures="0" tests="9" name="Tests.ResourceCentreTest" time="52.699" errors="0" timestamp="2023-12-22T10:47:01 IST" skipped="0">
  <testcase classname="Tests.ResourceCentreTest" name="TC001_VerifyResourcecentrefiles" time="5.265"/>
  <system-out/>
  <testcase classname="Tests.ResourceCentreTest" name="TC001_VerifyResourcecentrefiles" time="6.845"/>
  <system-out/>
  <testcase classname="Tests.ResourceCentreTest" name="TC001_VerifyResourcecentrefiles" time="4.809"/>
  <system-out/>
  <testcase classname="Tests.ResourceCentreTest" name="TC001_VerifyResourcecentrefiles" time="6.102"/>
  <system-out/>
  <testcase classname="Tests.ResourceCentreTest" name="TC001_VerifyResourcecentrefiles" time="6.941"/>
  <system-out/>
  <testcase classname="Tests.ResourceCentreTest" name="TC001_VerifyResourcecentrefiles" time="6.722"/>
  <system-out/>
  <testcase classname="Tests.ResourceCentreTest" name="TC001_VerifyResourcecentrefiles" time="5.574"/>
  <system-out/>
  <testcase classname="Tests.ResourceCentreTest" name="TC001_VerifyResourcecentrefiles" time="5.616"/>
  <system-out/>
  <testcase classname="Tests.ResourceCentreTest" name="TC001_VerifyResourcecentrefiles" time="4.825"/>
  <system-out/>
</testsuite> <!-- Tests.ResourceCentreTest -->
