<?xml version="1.0" encoding="UTF-8"?>
<!-- Generated by org.testng.reporters.JUnitReportReporter -->
<testsuite hostname="DESKTOP-OET6KL6" failures="0" tests="15" name="Tests.VisitorLoginTest" time="0.001" errors="0" timestamp="2024-05-27T18:22:22 IST" skipped="15">
  <testcase classname="Tests.VisitorLoginTest" name="TC_001_VerifyVisitorLoginModuleDisplayed" time="0.000">
    <skipped/>
  </testcase> <!-- TC_001_VerifyVisitorLoginModuleDisplayed -->
  <system-out/>
  <testcase classname="Tests.VisitorLoginTest" name="TC_002_VerifySubmitButtonWithoutEnteringFields" time="0.000">
    <skipped/>
  </testcase> <!-- TC_002_VerifySubmitButtonWithoutEnteringFields -->
  <system-out/>
  <testcase classname="Tests.VisitorLoginTest" name="TC_003_VerifyVisitorEmpIDTextboxCharacterLimit" time="0.000">
    <skipped/>
  </testcase> <!-- TC_003_VerifyVisitorEmpIDTextboxCharacterLimit -->
  <system-out/>
  <testcase classname="Tests.VisitorLoginTest" name="TC_004_VerifyVisitorEmpIDTextboxAcceptsSpecialCharacters" time="0.000">
    <skipped/>
  </testcase> <!-- TC_004_VerifyVisitorEmpIDTextboxAcceptsSpecialCharacters -->
  <system-out/>
  <testcase classname="Tests.VisitorLoginTest" name="TC_005_VerifyVisitorEmpIDTextboxAcceptsNumbers" time="0.000">
    <skipped/>
  </testcase> <!-- TC_005_VerifyVisitorEmpIDTextboxAcceptsNumbers -->
  <system-out/>
  <testcase classname="Tests.VisitorLoginTest" name="TC_006_VerifyVisitorNameTextboxCharacterLimit" time="0.000">
    <skipped/>
  </testcase> <!-- TC_006_VerifyVisitorNameTextboxCharacterLimit -->
  <system-out/>
  <testcase classname="Tests.VisitorLoginTest" name="TC_007_VerifyVisitorNameTextboxAcceptsSpecialCharacters" time="0.000">
    <skipped/>
  </testcase> <!-- TC_007_VerifyVisitorNameTextboxAcceptsSpecialCharacters -->
  <system-out/>
  <testcase classname="Tests.VisitorLoginTest" name="TC_008_VerifyVisitorNameTextboxAcceptsNumbers" time="0.001">
    <skipped/>
  </testcase> <!-- TC_008_VerifyVisitorNameTextboxAcceptsNumbers -->
  <system-out/>
  <testcase classname="Tests.VisitorLoginTest" name="TC_009_VerifyDesignationTextboxCharacterLimit" time="0.000">
    <skipped/>
  </testcase> <!-- TC_009_VerifyDesignationTextboxCharacterLimit -->
  <system-out/>
  <testcase classname="Tests.VisitorLoginTest" name="TC_010_VerifyDesignationTextboxAcceptsSpecialCharacters" time="0.000">
    <skipped/>
  </testcase> <!-- TC_010_VerifyDesignationTextboxAcceptsSpecialCharacters -->
  <system-out/>
  <testcase classname="Tests.VisitorLoginTest" name="TC_011_VerifyDesignationTextboxAcceptsNumbers" time="0.000">
    <skipped/>
  </testcase> <!-- TC_011_VerifyDesignationTextboxAcceptsNumbers -->
  <system-out/>
  <testcase classname="Tests.VisitorLoginTest" name="TC_012_VerifyRemarksTextboxCharacterLimit" time="0.000">
    <skipped/>
  </testcase> <!-- TC_012_VerifyRemarksTextboxCharacterLimit -->
  <system-out/>
  <testcase classname="Tests.VisitorLoginTest" name="TC_013_VerifyRemarksTextboxAcceptsSpecialCharacters" time="0.000">
    <skipped/>
  </testcase> <!-- TC_013_VerifyRemarksTextboxAcceptsSpecialCharacters -->
  <system-out/>
  <testcase classname="Tests.VisitorLoginTest" name="TC_014_Verify_RemarksTextboxAcceptsNumbers" time="0.000">
    <skipped/>
  </testcase> <!-- TC_014_Verify_RemarksTextboxAcceptsNumbers -->
  <system-out/>
  <testcase classname="Tests.VisitorLoginTest" name="TC_015_Verify_Visitor_Upload" time="0.000">
    <skipped/>
  </testcase> <!-- TC_015_Verify_Visitor_Upload -->
  <system-out/>
</testsuite> <!-- Tests.VisitorLoginTest -->
