<?xml version="1.0" encoding="UTF-8"?>
<!-- Generated by org.testng.reporters.JUnitReportReporter -->
<testsuite hostname="DESKTOP-OET6KL6" failures="0" tests="8" name="Tests.LoginTest" time="104.096" errors="0" timestamp="2024-05-21T19:37:04 IST" skipped="0">
  <testcase classname="Tests.LoginTest" name="TC_002_Verify_Login_With_Invalid_Username" time="14.659"/>
  <system-out/>
  <testcase classname="Tests.LoginTest" name="TC_003_Verify_Login_With_Invalid_Password" time="14.696"/>
  <system-out/>
  <testcase classname="Tests.LoginTest" name="TC_004_Verify_Login_With_Invalid_Project" time="13.930"/>
  <system-out/>
  <testcase classname="Tests.LoginTest" name="TC_005_Verify_Login_With_Invalid_Mobile_Number" time="12.670"/>
  <system-out/>
  <testcase classname="Tests.LoginTest" name="TC_006_Verify_Login_Without_Entering_Username" time="11.856"/>
  <system-out/>
  <testcase classname="Tests.LoginTest" name="TC_007_Verify_Login_Without_Entering_Password" time="11.265"/>
  <system-out/>
  <testcase classname="Tests.LoginTest" name="TC_008_Verify_Login_Without_Entering_Project" time="13.224"/>
  <system-out/>
  <testcase classname="Tests.LoginTest" name="TC_009_Verify_Login_Without_Entering_Mobile_Number" time="11.796"/>
  <system-out/>
</testsuite> <!-- Tests.LoginTest -->
