<?xml version="1.0" encoding="UTF-8"?>
<!-- Generated by org.testng.reporters.JUnitReportReporter -->
<testsuite hostname="DESKTOP-OET6KL6" failures="3" tests="17" name="Tests.LoginTest" time="139.832" errors="0" timestamp="2024-06-05T13:27:12 IST" skipped="0">
  <testcase classname="Tests.LoginTest" name="TC_001_Verify_Login_With_Valid_Credentials" time="15.569"/>
  <system-out/>
  <testcase classname="Tests.LoginTest" name="TC_002_Verify_Login_With_Invalid_Username" time="10.651"/>
  <system-out/>
  <testcase classname="Tests.LoginTest" name="TC_003_Verify_Login_With_Invalid_Password" time="14.630"/>
  <system-out/>
  <testcase classname="Tests.LoginTest" name="TC_004_Verify_Login_With_Invalid_Project" time="14.026"/>
  <system-out/>
  <testcase classname="Tests.LoginTest" name="TC_005_Verify_Login_With_Invalid_Mobile_Number" time="13.073"/>
  <system-out/>
  <testcase classname="Tests.LoginTest" name="TC_006_Verify_Login_Without_Entering_Username" time="12.592"/>
  <system-out/>
  <testcase classname="Tests.LoginTest" name="TC_007_Verify_Login_Without_Entering_Password" time="10.823"/>
  <system-out/>
  <testcase classname="Tests.LoginTest" name="TC_008_Verify_Login_Without_Entering_Project" time="12.219"/>
  <system-out/>
  <testcase classname="Tests.LoginTest" name="TC_009_Verify_Login_Without_Entering_Mobile_Number" time="11.576"/>
  <system-out/>
  <testcase classname="Tests.LoginTest" name="TC_010_Verify_UsernameTextboxCharacterLimit" time="3.067">
    <failure message="TestCase Failed : Character limit is NOT enforced. Entered text: thisisaverylongusernameexceedinglimits" type="java.lang.AssertionError">
      <![CDATA[java.lang.AssertionError: TestCase Failed : Character limit is NOT enforced. Entered text: thisisaverylongusernameexceedinglimits
at org.testng.Assert.fail(Assert.java:99)
at Modules.Login_Module.validateMaxTextLimit(Login_Module.java:68)
at Modules.Login_Module.validateMaxTextLimitInUsernameTextbox(Login_Module.java:102)
at Tests.LoginTest.TC_010_Verify_UsernameTextboxCharacterLimit(LoginTest.java:167)
at java.base/jdk.internal.reflect.DirectMethodHandleAccessor.invoke(DirectMethodHandleAccessor.java:103)
at java.base/java.lang.reflect.Method.invoke(Method.java:580)
at org.testng.internal.MethodInvocationHelper.invokeMethod(MethodInvocationHelper.java:133)
at org.testng.internal.TestInvoker.invokeMethod(TestInvoker.java:598)
at org.testng.internal.TestInvoker.invokeTestMethod(TestInvoker.java:173)
at org.testng.internal.MethodRunner.runInSequence(MethodRunner.java:46)
at org.testng.internal.TestInvoker$MethodInvocationAgent.invoke(TestInvoker.java:824)
at org.testng.internal.TestInvoker.invokeTestMethods(TestInvoker.java:146)
at org.testng.internal.TestMethodWorker.invokeTestMethods(TestMethodWorker.java:146)
at org.testng.internal.TestMethodWorker.run(TestMethodWorker.java:128)
at java.base/java.util.ArrayList.forEach(ArrayList.java:1596)
at org.testng.TestRunner.privateRun(TestRunner.java:794)
at org.testng.TestRunner.run(TestRunner.java:596)
at org.testng.SuiteRunner.runTest(SuiteRunner.java:377)
at org.testng.SuiteRunner.runSequentially(SuiteRunner.java:371)
at org.testng.SuiteRunner.privateRun(SuiteRunner.java:332)
at org.testng.SuiteRunner.run(SuiteRunner.java:276)
at org.testng.SuiteRunnerWorker.runSuite(SuiteRunnerWorker.java:53)
at org.testng.SuiteRunnerWorker.run(SuiteRunnerWorker.java:96)
at org.testng.TestNG.runSuitesSequentially(TestNG.java:1212)
at org.testng.TestNG.runSuitesLocally(TestNG.java:1134)
at org.testng.TestNG.runSuites(TestNG.java:1063)
at org.testng.TestNG.run(TestNG.java:1031)
at Tests.Main.main(Main.java:34)
]]>
    </failure>
  </testcase> <!-- TC_010_Verify_UsernameTextboxCharacterLimit -->
  <system-out/>
  <testcase classname="Tests.LoginTest" name="TC_011_Verify_UsernameTextboxAcceptsSpecialCharacters" time="2.740"/>
  <system-out/>
  <testcase classname="Tests.LoginTest" name="TC_012_Verify_UsernameTextboxAcceptsNumbers" time="2.970"/>
  <system-out/>
  <testcase classname="Tests.LoginTest" name="TC_013_Verify_PasswordTextboxCharacterLimit" time="3.018">
    <failure message="TestCase Failed : Character limit is NOT enforced. Entered text: thisisaverylongusernameexceedinglimits" type="java.lang.AssertionError">
      <![CDATA[java.lang.AssertionError: TestCase Failed : Character limit is NOT enforced. Entered text: thisisaverylongusernameexceedinglimits
at org.testng.Assert.fail(Assert.java:99)
at Modules.Login_Module.validateMaxTextLimit(Login_Module.java:68)
at Modules.Login_Module.validateMaxTextLimitInPasswordTextbox(Login_Module.java:114)
at Tests.LoginTest.TC_013_Verify_PasswordTextboxCharacterLimit(LoginTest.java:193)
at java.base/jdk.internal.reflect.DirectMethodHandleAccessor.invoke(DirectMethodHandleAccessor.java:103)
at java.base/java.lang.reflect.Method.invoke(Method.java:580)
at org.testng.internal.MethodInvocationHelper.invokeMethod(MethodInvocationHelper.java:133)
at org.testng.internal.TestInvoker.invokeMethod(TestInvoker.java:598)
at org.testng.internal.TestInvoker.invokeTestMethod(TestInvoker.java:173)
at org.testng.internal.MethodRunner.runInSequence(MethodRunner.java:46)
at org.testng.internal.TestInvoker$MethodInvocationAgent.invoke(TestInvoker.java:824)
at org.testng.internal.TestInvoker.invokeTestMethods(TestInvoker.java:146)
at org.testng.internal.TestMethodWorker.invokeTestMethods(TestMethodWorker.java:146)
at org.testng.internal.TestMethodWorker.run(TestMethodWorker.java:128)
at java.base/java.util.ArrayList.forEach(ArrayList.java:1596)
at org.testng.TestRunner.privateRun(TestRunner.java:794)
at org.testng.TestRunner.run(TestRunner.java:596)
at org.testng.SuiteRunner.runTest(SuiteRunner.java:377)
at org.testng.SuiteRunner.runSequentially(SuiteRunner.java:371)
at org.testng.SuiteRunner.privateRun(SuiteRunner.java:332)
at org.testng.SuiteRunner.run(SuiteRunner.java:276)
at org.testng.SuiteRunnerWorker.runSuite(SuiteRunnerWorker.java:53)
at org.testng.SuiteRunnerWorker.run(SuiteRunnerWorker.java:96)
at org.testng.TestNG.runSuitesSequentially(TestNG.java:1212)
at org.testng.TestNG.runSuitesLocally(TestNG.java:1134)
at org.testng.TestNG.runSuites(TestNG.java:1063)
at org.testng.TestNG.run(TestNG.java:1031)
at Tests.Main.main(Main.java:34)
]]>
    </failure>
  </testcase> <!-- TC_013_Verify_PasswordTextboxCharacterLimit -->
  <system-out/>
  <testcase classname="Tests.LoginTest" name="TC_014_Verify_ProjectTextboxCharacterLimit" time="3.045">
    <failure message="TestCase Failed : Character limit is NOT enforced. Entered text: thisisaverylongusernameexceedinglimits" type="java.lang.AssertionError">
      <![CDATA[java.lang.AssertionError: TestCase Failed : Character limit is NOT enforced. Entered text: thisisaverylongusernameexceedinglimits
at org.testng.Assert.fail(Assert.java:99)
at Modules.Login_Module.validateMaxTextLimit(Login_Module.java:68)
at Modules.Login_Module.validateMaxTextLimitInProjectTextbox(Login_Module.java:118)
at Tests.LoginTest.TC_014_Verify_ProjectTextboxCharacterLimit(LoginTest.java:202)
at java.base/jdk.internal.reflect.DirectMethodHandleAccessor.invoke(DirectMethodHandleAccessor.java:103)
at java.base/java.lang.reflect.Method.invoke(Method.java:580)
at org.testng.internal.MethodInvocationHelper.invokeMethod(MethodInvocationHelper.java:133)
at org.testng.internal.TestInvoker.invokeMethod(TestInvoker.java:598)
at org.testng.internal.TestInvoker.invokeTestMethod(TestInvoker.java:173)
at org.testng.internal.MethodRunner.runInSequence(MethodRunner.java:46)
at org.testng.internal.TestInvoker$MethodInvocationAgent.invoke(TestInvoker.java:824)
at org.testng.internal.TestInvoker.invokeTestMethods(TestInvoker.java:146)
at org.testng.internal.TestMethodWorker.invokeTestMethods(TestMethodWorker.java:146)
at org.testng.internal.TestMethodWorker.run(TestMethodWorker.java:128)
at java.base/java.util.ArrayList.forEach(ArrayList.java:1596)
at org.testng.TestRunner.privateRun(TestRunner.java:794)
at org.testng.TestRunner.run(TestRunner.java:596)
at org.testng.SuiteRunner.runTest(SuiteRunner.java:377)
at org.testng.SuiteRunner.runSequentially(SuiteRunner.java:371)
at org.testng.SuiteRunner.privateRun(SuiteRunner.java:332)
at org.testng.SuiteRunner.run(SuiteRunner.java:276)
at org.testng.SuiteRunnerWorker.runSuite(SuiteRunnerWorker.java:53)
at org.testng.SuiteRunnerWorker.run(SuiteRunnerWorker.java:96)
at org.testng.TestNG.runSuitesSequentially(TestNG.java:1212)
at org.testng.TestNG.runSuitesLocally(TestNG.java:1134)
at org.testng.TestNG.runSuites(TestNG.java:1063)
at org.testng.TestNG.run(TestNG.java:1031)
at Tests.Main.main(Main.java:34)
]]>
    </failure>
  </testcase> <!-- TC_014_Verify_ProjectTextboxCharacterLimit -->
  <system-out/>
  <testcase classname="Tests.LoginTest" name="TC_015_Verify_ProjectTextboxAcceptsSpecialCharacters" time="2.513"/>
  <system-out/>
  <testcase classname="Tests.LoginTest" name="TC_016_Verify_ProjectTextboxAcceptsNumbers" time="2.339"/>
  <system-out/>
  <testcase classname="Tests.LoginTest" name="TC_017_Verify_MobileNumberTextboxCharacterLimit" time="4.981"/>
  <system-out/>
</testsuite> <!-- Tests.LoginTest -->
