<?xml version="1.0" encoding="UTF-8"?>
<!-- Generated by org.testng.reporters.JUnitReportReporter -->
<testsuite hostname="DESKTOP-OET6KL6" failures="4" tests="15" name="Tests.VisitorLoginTest" time="116.988" errors="0" timestamp="2024-06-05T13:27:12 IST" skipped="0">
  <testcase classname="Tests.VisitorLoginTest" name="TC_001_VerifyVisitorLoginModuleDisplayed" time="2.740"/>
  <system-out/>
  <testcase classname="Tests.VisitorLoginTest" name="TC_002_VerifySubmitButtonWithoutEnteringFields" time="19.535"/>
  <system-out/>
  <testcase classname="Tests.VisitorLoginTest" name="TC_003_VerifyVisitorEmpIDTextboxCharacterLimit" time="4.302">
    <failure message="TestCase Failed : Character limit is not enforced. Entered text: thisisaverylongusernameexceedinglimits" type="java.lang.AssertionError">
      <![CDATA[java.lang.AssertionError: TestCase Failed : Character limit is not enforced. Entered text: thisisaverylongusernameexceedinglimits
at org.testng.Assert.fail(Assert.java:99)
at Modules.VisitorLogin_Module.validateMaxTextLimitInEmpIDTextbox(VisitorLogin_Module.java:216)
at Tests.VisitorLoginTest.TC_003_VerifyVisitorEmpIDTextboxCharacterLimit(VisitorLoginTest.java:57)
at java.base/jdk.internal.reflect.DirectMethodHandleAccessor.invoke(DirectMethodHandleAccessor.java:103)
at java.base/java.lang.reflect.Method.invoke(Method.java:580)
at org.testng.internal.MethodInvocationHelper.invokeMethod(MethodInvocationHelper.java:133)
at org.testng.internal.TestInvoker.invokeMethod(TestInvoker.java:598)
at org.testng.internal.TestInvoker.invokeTestMethod(TestInvoker.java:173)
at org.testng.internal.MethodRunner.runInSequence(MethodRunner.java:46)
at org.testng.internal.TestInvoker$MethodInvocationAgent.invoke(TestInvoker.java:824)
at org.testng.internal.TestInvoker.invokeTestMethods(TestInvoker.java:146)
at org.testng.internal.TestMethodWorker.invokeTestMethods(TestMethodWorker.java:146)
at org.testng.internal.TestMethodWorker.run(TestMethodWorker.java:128)
at java.base/java.util.ArrayList.forEach(ArrayList.java:1596)
at org.testng.TestRunner.privateRun(TestRunner.java:794)
at org.testng.TestRunner.run(TestRunner.java:596)
at org.testng.SuiteRunner.runTest(SuiteRunner.java:377)
at org.testng.SuiteRunner.runSequentially(SuiteRunner.java:371)
at org.testng.SuiteRunner.privateRun(SuiteRunner.java:332)
at org.testng.SuiteRunner.run(SuiteRunner.java:276)
at org.testng.SuiteRunnerWorker.runSuite(SuiteRunnerWorker.java:53)
at org.testng.SuiteRunnerWorker.run(SuiteRunnerWorker.java:96)
at org.testng.TestNG.runSuitesSequentially(TestNG.java:1212)
at org.testng.TestNG.runSuitesLocally(TestNG.java:1134)
at org.testng.TestNG.runSuites(TestNG.java:1063)
at org.testng.TestNG.run(TestNG.java:1031)
at Tests.Main.main(Main.java:34)
]]>
    </failure>
  </testcase> <!-- TC_003_VerifyVisitorEmpIDTextboxCharacterLimit -->
  <system-out/>
  <testcase classname="Tests.VisitorLoginTest" name="TC_004_VerifyVisitorEmpIDTextboxAcceptsSpecialCharacters" time="2.704"/>
  <system-out/>
  <testcase classname="Tests.VisitorLoginTest" name="TC_005_VerifyVisitorEmpIDTextboxAcceptsNumbers" time="2.192"/>
  <system-out/>
  <testcase classname="Tests.VisitorLoginTest" name="TC_006_VerifyVisitorNameTextboxCharacterLimit" time="4.615">
    <failure message="TestCase Failed :  Character limit is NOT enforced. Entered text: thisisaverylongusernameexceedinglimits" type="java.lang.AssertionError">
      <![CDATA[java.lang.AssertionError: TestCase Failed :  Character limit is NOT enforced. Entered text: thisisaverylongusernameexceedinglimits
at org.testng.Assert.fail(Assert.java:99)
at Modules.VisitorLogin_Module.validateMaxTextLimitInNameTextbox(VisitorLogin_Module.java:253)
at Tests.VisitorLoginTest.TC_006_VerifyVisitorNameTextboxCharacterLimit(VisitorLoginTest.java:93)
at java.base/jdk.internal.reflect.DirectMethodHandleAccessor.invoke(DirectMethodHandleAccessor.java:103)
at java.base/java.lang.reflect.Method.invoke(Method.java:580)
at org.testng.internal.MethodInvocationHelper.invokeMethod(MethodInvocationHelper.java:133)
at org.testng.internal.TestInvoker.invokeMethod(TestInvoker.java:598)
at org.testng.internal.TestInvoker.invokeTestMethod(TestInvoker.java:173)
at org.testng.internal.MethodRunner.runInSequence(MethodRunner.java:46)
at org.testng.internal.TestInvoker$MethodInvocationAgent.invoke(TestInvoker.java:824)
at org.testng.internal.TestInvoker.invokeTestMethods(TestInvoker.java:146)
at org.testng.internal.TestMethodWorker.invokeTestMethods(TestMethodWorker.java:146)
at org.testng.internal.TestMethodWorker.run(TestMethodWorker.java:128)
at java.base/java.util.ArrayList.forEach(ArrayList.java:1596)
at org.testng.TestRunner.privateRun(TestRunner.java:794)
at org.testng.TestRunner.run(TestRunner.java:596)
at org.testng.SuiteRunner.runTest(SuiteRunner.java:377)
at org.testng.SuiteRunner.runSequentially(SuiteRunner.java:371)
at org.testng.SuiteRunner.privateRun(SuiteRunner.java:332)
at org.testng.SuiteRunner.run(SuiteRunner.java:276)
at org.testng.SuiteRunnerWorker.runSuite(SuiteRunnerWorker.java:53)
at org.testng.SuiteRunnerWorker.run(SuiteRunnerWorker.java:96)
at org.testng.TestNG.runSuitesSequentially(TestNG.java:1212)
at org.testng.TestNG.runSuitesLocally(TestNG.java:1134)
at org.testng.TestNG.runSuites(TestNG.java:1063)
at org.testng.TestNG.run(TestNG.java:1031)
at Tests.Main.main(Main.java:34)
]]>
    </failure>
  </testcase> <!-- TC_006_VerifyVisitorNameTextboxCharacterLimit -->
  <system-out/>
  <testcase classname="Tests.VisitorLoginTest" name="TC_007_VerifyVisitorNameTextboxAcceptsSpecialCharacters" time="2.212"/>
  <system-out/>
  <testcase classname="Tests.VisitorLoginTest" name="TC_008_VerifyVisitorNameTextboxAcceptsNumbers" time="2.092"/>
  <system-out/>
  <testcase classname="Tests.VisitorLoginTest" name="TC_009_VerifyDesignationTextboxCharacterLimit" time="4.384">
    <failure message="TestCase Failed : Character limit is NOT enforced. Entered text: thisisaverylongusernameexceedinglimits" type="java.lang.AssertionError">
      <![CDATA[java.lang.AssertionError: TestCase Failed : Character limit is NOT enforced. Entered text: thisisaverylongusernameexceedinglimits
at org.testng.Assert.fail(Assert.java:99)
at Modules.VisitorLogin_Module.validateMaxTextLimitInDesignationTextbox(VisitorLogin_Module.java:289)
at Tests.VisitorLoginTest.TC_009_VerifyDesignationTextboxCharacterLimit(VisitorLoginTest.java:129)
at java.base/jdk.internal.reflect.DirectMethodHandleAccessor.invoke(DirectMethodHandleAccessor.java:103)
at java.base/java.lang.reflect.Method.invoke(Method.java:580)
at org.testng.internal.MethodInvocationHelper.invokeMethod(MethodInvocationHelper.java:133)
at org.testng.internal.TestInvoker.invokeMethod(TestInvoker.java:598)
at org.testng.internal.TestInvoker.invokeTestMethod(TestInvoker.java:173)
at org.testng.internal.MethodRunner.runInSequence(MethodRunner.java:46)
at org.testng.internal.TestInvoker$MethodInvocationAgent.invoke(TestInvoker.java:824)
at org.testng.internal.TestInvoker.invokeTestMethods(TestInvoker.java:146)
at org.testng.internal.TestMethodWorker.invokeTestMethods(TestMethodWorker.java:146)
at org.testng.internal.TestMethodWorker.run(TestMethodWorker.java:128)
at java.base/java.util.ArrayList.forEach(ArrayList.java:1596)
at org.testng.TestRunner.privateRun(TestRunner.java:794)
at org.testng.TestRunner.run(TestRunner.java:596)
at org.testng.SuiteRunner.runTest(SuiteRunner.java:377)
at org.testng.SuiteRunner.runSequentially(SuiteRunner.java:371)
at org.testng.SuiteRunner.privateRun(SuiteRunner.java:332)
at org.testng.SuiteRunner.run(SuiteRunner.java:276)
at org.testng.SuiteRunnerWorker.runSuite(SuiteRunnerWorker.java:53)
at org.testng.SuiteRunnerWorker.run(SuiteRunnerWorker.java:96)
at org.testng.TestNG.runSuitesSequentially(TestNG.java:1212)
at org.testng.TestNG.runSuitesLocally(TestNG.java:1134)
at org.testng.TestNG.runSuites(TestNG.java:1063)
at org.testng.TestNG.run(TestNG.java:1031)
at Tests.Main.main(Main.java:34)
]]>
    </failure>
  </testcase> <!-- TC_009_VerifyDesignationTextboxCharacterLimit -->
  <system-out/>
  <testcase classname="Tests.VisitorLoginTest" name="TC_010_VerifyDesignationTextboxAcceptsSpecialCharacters" time="2.253"/>
  <system-out/>
  <testcase classname="Tests.VisitorLoginTest" name="TC_011_VerifyDesignationTextboxAcceptsNumbers" time="2.284"/>
  <system-out/>
  <testcase classname="Tests.VisitorLoginTest" name="TC_012_VerifyRemarksTextboxCharacterLimit" time="4.708">
    <failure message="TestCase Failed :  Character limit is NOT enforced. Entered text: thisisaverylongusernameexceedinglimits" type="java.lang.AssertionError">
      <![CDATA[java.lang.AssertionError: TestCase Failed :  Character limit is NOT enforced. Entered text: thisisaverylongusernameexceedinglimits
at org.testng.Assert.fail(Assert.java:99)
at Modules.VisitorLogin_Module.validateMaxTextLimitInRemarksTextbox(VisitorLogin_Module.java:327)
at Tests.VisitorLoginTest.TC_012_VerifyRemarksTextboxCharacterLimit(VisitorLoginTest.java:165)
at java.base/jdk.internal.reflect.DirectMethodHandleAccessor.invoke(DirectMethodHandleAccessor.java:103)
at java.base/java.lang.reflect.Method.invoke(Method.java:580)
at org.testng.internal.MethodInvocationHelper.invokeMethod(MethodInvocationHelper.java:133)
at org.testng.internal.TestInvoker.invokeMethod(TestInvoker.java:598)
at org.testng.internal.TestInvoker.invokeTestMethod(TestInvoker.java:173)
at org.testng.internal.MethodRunner.runInSequence(MethodRunner.java:46)
at org.testng.internal.TestInvoker$MethodInvocationAgent.invoke(TestInvoker.java:824)
at org.testng.internal.TestInvoker.invokeTestMethods(TestInvoker.java:146)
at org.testng.internal.TestMethodWorker.invokeTestMethods(TestMethodWorker.java:146)
at org.testng.internal.TestMethodWorker.run(TestMethodWorker.java:128)
at java.base/java.util.ArrayList.forEach(ArrayList.java:1596)
at org.testng.TestRunner.privateRun(TestRunner.java:794)
at org.testng.TestRunner.run(TestRunner.java:596)
at org.testng.SuiteRunner.runTest(SuiteRunner.java:377)
at org.testng.SuiteRunner.runSequentially(SuiteRunner.java:371)
at org.testng.SuiteRunner.privateRun(SuiteRunner.java:332)
at org.testng.SuiteRunner.run(SuiteRunner.java:276)
at org.testng.SuiteRunnerWorker.runSuite(SuiteRunnerWorker.java:53)
at org.testng.SuiteRunnerWorker.run(SuiteRunnerWorker.java:96)
at org.testng.TestNG.runSuitesSequentially(TestNG.java:1212)
at org.testng.TestNG.runSuitesLocally(TestNG.java:1134)
at org.testng.TestNG.runSuites(TestNG.java:1063)
at org.testng.TestNG.run(TestNG.java:1031)
at Tests.Main.main(Main.java:34)
]]>
    </failure>
  </testcase> <!-- TC_012_VerifyRemarksTextboxCharacterLimit -->
  <system-out/>
  <testcase classname="Tests.VisitorLoginTest" name="TC_013_VerifyRemarksTextboxAcceptsSpecialCharacters" time="2.767"/>
  <system-out/>
  <testcase classname="Tests.VisitorLoginTest" name="TC_014_Verify_RemarksTextboxAcceptsNumbers" time="7.874"/>
  <system-out/>
  <testcase classname="Tests.VisitorLoginTest" name="TC_015_Verify_Visitor_Upload" time="52.326"/>
  <system-out/>
</testsuite> <!-- Tests.VisitorLoginTest -->
