<?xml version="1.0" encoding="UTF-8"?>
<!-- Generated by org.testng.reporters.JUnitReportReporter -->
<testsuite hostname="DESKTOP-OET6KL6" failures="0" tests="7" name="Tests.ResourceCentreTest" time="27.458" errors="0" timestamp="2024-05-29T12:45:23 IST" skipped="0">
  <testcase classname="Tests.ResourceCentreTest" name="TC_001_Verify_ResourceCenter_Module_Displayed" time="4.484"/>
  <system-out/>
  <testcase classname="Tests.ResourceCentreTest" name="TC002_VerifyPPTXFileDownloaded" time="4.928"/>
  <system-out/>
  <testcase classname="Tests.ResourceCentreTest" name="TC003_VerifyMP4FileDownloaded" time="3.375"/>
  <system-out/>
  <testcase classname="Tests.ResourceCentreTest" name="TC004_VerifyPDFFileDownloaded" time="4.254"/>
  <system-out/>
  <testcase classname="Tests.ResourceCentreTest" name="TC005_VerifyDOCXFileDownloaded" time="3.305"/>
  <system-out/>
  <testcase classname="Tests.ResourceCentreTest" name="TC006_VerifyJPGFileDownloaded" time="3.650"/>
  <system-out/>
  <testcase classname="Tests.ResourceCentreTest" name="TC007_VerifyXLSXFileDownloaded" time="3.462"/>
  <system-out/>
</testsuite> <!-- Tests.ResourceCentreTest -->
