<?xml version="1.0" encoding="UTF-8"?>
<!-- Generated by org.testng.reporters.JUnitReportReporter -->
<testsuite hostname="DESKTOP-OET6KL6" failures="0" tests="7" name="Tests.ResourceCentreTest" time="26.184" errors="0" timestamp="2024-05-21T18:06:29 IST" skipped="0">
  <testcase classname="Tests.ResourceCentreTest" name="TC_001_Verify_ResourceCenter_Module_Displayed" time="4.854"/>
  <system-out/>
  <testcase classname="Tests.ResourceCentreTest" name="TC002_VerifyPPTXFileDownloaded" time="4.839"/>
  <system-out/>
  <testcase classname="Tests.ResourceCentreTest" name="TC003_VerifyMP4FileDownloaded" time="3.307"/>
  <system-out/>
  <testcase classname="Tests.ResourceCentreTest" name="TC004_VerifyPDFFileDownloaded" time="3.086"/>
  <system-out/>
  <testcase classname="Tests.ResourceCentreTest" name="TC005_VerifyDOCXFileDownloaded" time="3.184"/>
  <system-out/>
  <testcase classname="Tests.ResourceCentreTest" name="TC006_VerifyJPGFileDownloaded" time="3.578"/>
  <system-out/>
  <testcase classname="Tests.ResourceCentreTest" name="TC007_VerifyXLSXFileDownloaded" time="3.336"/>
  <system-out/>
</testsuite> <!-- Tests.ResourceCentreTest -->
