<?xml version="1.0" encoding="UTF-8"?>
<!-- Generated by org.testng.reporters.JUnitReportReporter -->
<testsuite hostname="DESKTOP-OET6KL6" failures="0" tests="3" name="Tests.AttendanceTest" time="21.310" errors="0" timestamp="2024-05-29T12:45:23 IST" skipped="0">
  <testcase classname="Tests.AttendanceTest" name="TC_001_VerifyAttendanceModuleDisplayed" time="1.238"/>
  <system-out/>
  <testcase classname="Tests.AttendanceTest" name="TC_003_VerifyAttendanceSubmission" time="19.677"/>
  <system-out/>
  <testcase classname="Tests.AttendanceTest" name="TC_004_VerifyAttendanceRecordedInDatabase" time="0.395"/>
  <system-out/>
</testsuite> <!-- Tests.AttendanceTest -->
