<?xml version="1.0" encoding="UTF-8"?>
<!-- Generated by org.testng.reporters.JUnitReportReporter -->
<testsuite hostname="DESKTOP-OET6KL6" failures="0" tests="4" name="Tests.CallPlanTest" time="73.492" errors="0" timestamp="2024-05-29T12:45:23 IST" skipped="0">
  <testcase classname="Tests.CallPlanTest" name="TC_001_Verify_Call_Plan_Module_Displayed" time="1.193"/>
  <system-out/>
  <testcase classname="Tests.CallPlanTest" name="TC_002_Verify_Sync_Button_Functionality" time="4.901"/>
  <system-out/>
  <testcase classname="Tests.CallPlanTest" name="TC_003_Verify_5_Minute_Sync_Process" time="3.042"/>
  <system-out/>
  <testcase classname="Tests.CallPlanTest" name="TC_009_Verify_Call_Upload" time="64.356"/>
  <system-out/>
</testsuite> <!-- Tests.CallPlanTest -->
