<?xml version="1.0" encoding="UTF-8"?>
<!-- Generated by org.testng.reporters.JUnitReportReporter -->
<testsuite hostname="DESKTOP-OET6KL6" failures="0" tests="5" name="Tests.CallPlanTest" time="2099.254" errors="0" timestamp="2024-06-05T13:27:12 IST" skipped="0">
  <testcase classname="Tests.CallPlanTest" name="TC_001_Verify_Call_Plan_Module_Displayed" time="1.180"/>
  <system-out/>
  <testcase classname="Tests.CallPlanTest" name="TC_002_Verify_Sync_Button_Functionality" time="2.892"/>
  <system-out/>
  <testcase classname="Tests.CallPlanTest" name="TC_003_Verify_5_Minute_Sync_Process" time="2.890"/>
  <system-out/>
  <testcase classname="Tests.CallPlanTest" name="TC_005_Verify_Upload_Button_Without_Completing_Form" time="10.140"/>
  <system-out/>
  <testcase classname="Tests.CallPlanTest" name="TC_009_Verify_Call_Upload" time="2082.152"/>
  <system-out/>
</testsuite> <!-- Tests.CallPlanTest -->
