<?xml version="1.0" encoding="UTF-8"?>
<!-- Generated by org.testng.reporters.JUnitReportReporter -->
<testsuite hostname="DESKTOP-OET6KL6" failures="0" tests="4" name="Tests.AttendanceTest" time="31.645" errors="0" timestamp="2024-06-04T12:33:21 IST" skipped="0">
  <testcase classname="Tests.AttendanceTest" name="TC_001_VerifyAttendanceModuleDisplayed" time="1.031"/>
  <system-out/>
  <testcase classname="Tests.AttendanceTest" name="TC_002_VerifyAttendanceWithoutCapturingImage" time="6.561"/>
  <system-out/>
  <testcase classname="Tests.AttendanceTest" name="TC_003_VerifyAttendanceSubmission" time="23.771"/>
  <system-out/>
  <testcase classname="Tests.AttendanceTest" name="TC_004_VerifyAttendanceRecordedInDatabase" time="0.282"/>
  <system-out/>
</testsuite> <!-- Tests.AttendanceTest -->
