<?xml version="1.0" encoding="UTF-8"?>
<!-- Generated by org.testng.reporters.JUnitReportReporter -->
<testsuite hostname="DESKTOP-OET6KL6" failures="1" tests="7" name="Tests.DownloadcallsTest" time="76.156" errors="0" timestamp="2024-06-05T13:27:12 IST" skipped="0">
  <testcase classname="Tests.DownloadcallsTest" name="TC_001_VerifyDownloadCallsModuleIsDisplayed" time="13.814"/>
  <system-out/>
  <testcase classname="Tests.DownloadcallsTest" name="TC_002_VerifyCallsAreDownloaded" time="36.157"/>
  <system-out/>
  <testcase classname="Tests.DownloadcallsTest" name="TC_003_VerifyDuplicateCallDownload" time="7.170"/>
  <system-out/>
  <testcase classname="Tests.DownloadcallsTest" name="TC_004_VerifyInvalidTargetDownload" time="7.726"/>
  <system-out/>
  <testcase classname="Tests.DownloadcallsTest" name="TC_005_VerifyRemoveButtonFunctionality" time="6.289"/>
  <system-out/>
  <testcase classname="Tests.DownloadcallsTest" name="TC_006_VerifySubmitButtonWithoutAddingTarget" time="1.072"/>
  <system-out/>
  <testcase classname="Tests.DownloadcallsTest" name="TC_007_VerifyTargetIDTextboxCharacterLimit" time="3.928">
    <failure message="TestCase Failed : Character limit is NOT enforced. Entered text: 86986978979798798797987978687687687" type="java.lang.AssertionError">
      <![CDATA[java.lang.AssertionError: TestCase Failed : Character limit is NOT enforced. Entered text: 86986978979798798797987978687687687
at org.testng.Assert.fail(Assert.java:99)
at Modules.Downloadcalls_Module.validateMaxTextLimitIntargetIDTextbox(Downloadcalls_Module.java:198)
at Tests.DownloadcallsTest.TC_007_VerifyTargetIDTextboxCharacterLimit(DownloadcallsTest.java:112)
at java.base/jdk.internal.reflect.DirectMethodHandleAccessor.invoke(DirectMethodHandleAccessor.java:103)
at java.base/java.lang.reflect.Method.invoke(Method.java:580)
at org.testng.internal.MethodInvocationHelper.invokeMethod(MethodInvocationHelper.java:133)
at org.testng.internal.TestInvoker.invokeMethod(TestInvoker.java:598)
at org.testng.internal.TestInvoker.invokeTestMethod(TestInvoker.java:173)
at org.testng.internal.MethodRunner.runInSequence(MethodRunner.java:46)
at org.testng.internal.TestInvoker$MethodInvocationAgent.invoke(TestInvoker.java:824)
at org.testng.internal.TestInvoker.invokeTestMethods(TestInvoker.java:146)
at org.testng.internal.TestMethodWorker.invokeTestMethods(TestMethodWorker.java:146)
at org.testng.internal.TestMethodWorker.run(TestMethodWorker.java:128)
at java.base/java.util.ArrayList.forEach(ArrayList.java:1596)
at org.testng.TestRunner.privateRun(TestRunner.java:794)
at org.testng.TestRunner.run(TestRunner.java:596)
at org.testng.SuiteRunner.runTest(SuiteRunner.java:377)
at org.testng.SuiteRunner.runSequentially(SuiteRunner.java:371)
at org.testng.SuiteRunner.privateRun(SuiteRunner.java:332)
at org.testng.SuiteRunner.run(SuiteRunner.java:276)
at org.testng.SuiteRunnerWorker.runSuite(SuiteRunnerWorker.java:53)
at org.testng.SuiteRunnerWorker.run(SuiteRunnerWorker.java:96)
at org.testng.TestNG.runSuitesSequentially(TestNG.java:1212)
at org.testng.TestNG.runSuitesLocally(TestNG.java:1134)
at org.testng.TestNG.runSuites(TestNG.java:1063)
at org.testng.TestNG.run(TestNG.java:1031)
at Tests.Main.main(Main.java:34)
]]>
    </failure>
  </testcase> <!-- TC_007_VerifyTargetIDTextboxCharacterLimit -->
  <system-out/>
</testsuite> <!-- Tests.DownloadcallsTest -->
