<?xml version="1.0" encoding="UTF-8"?>
<!-- Generated by org.testng.reporters.JUnitReportReporter -->
<testsuite hostname="DESKTOP-OET6KL6" failures="0" tests="2" name="Tests.VisitorLoginTest" time="0.000" errors="0" timestamp="2024-05-20T19:30:43 IST" skipped="2">
  <testcase classname="Tests.VisitorLoginTest" name="TC_001_Verify_VisitorLogin_Module_Displayed" time="0.000">
    <skipped/>
  </testcase> <!-- TC_001_Verify_VisitorLogin_Module_Displayed -->
  <system-out/>
  <testcase classname="Tests.VisitorLoginTest" name="TC_003_Verify_Visitor_Upload" time="0.000">
    <skipped/>
  </testcase> <!-- TC_003_Verify_Visitor_Upload -->
  <system-out/>
</testsuite> <!-- Tests.VisitorLoginTest -->
