<?xml version="1.0" encoding="UTF-8"?>
<!-- Generated by org.testng.reporters.JUnitReportReporter -->
<testsuite hostname="DESKTOP-OET6KL6" failures="0" tests="2" name="Tests.DownloadcallsTest" time="30.519" errors="0" timestamp="2024-05-29T12:45:23 IST" skipped="0">
  <testcase classname="Tests.DownloadcallsTest" name="TC_001_VerifyDownloadCallsModuleIsDisplayed" time="11.668"/>
  <system-out/>
  <testcase classname="Tests.DownloadcallsTest" name="TC_002_VerifyCallsAreDownloaded" time="18.851"/>
  <system-out/>
</testsuite> <!-- Tests.DownloadcallsTest -->
