<?xml version="1.0" encoding="UTF-8"?>
<!-- Generated by org.testng.reporters.JUnitReportReporter -->
<testsuite hostname="DESKTOP-OET6KL6" failures="0" tests="2" name="Tests.AttendanceTest" time="11.690" errors="0" timestamp="2024-05-21T19:37:04 IST" skipped="0">
  <testcase classname="Tests.AttendanceTest" name="TC_001_Verify_Attendance_Module_Displayed" time="4.549"/>
  <system-out/>
  <testcase classname="Tests.AttendanceTest" name="TC_002_Verify_Attendance_Without_Capturing_Image" time="7.141"/>
  <system-out/>
</testsuite> <!-- Tests.AttendanceTest -->
