<?xml version="1.0" encoding="UTF-8"?>
<!-- Generated by org.testng.reporters.JUnitReportReporter -->
<testsuite hostname="DESKTOP-OET6KL6" failures="0" tests="4" name="Tests.AttendanceTest" time="31.038" errors="0" timestamp="2024-06-05T13:27:12 IST" skipped="0">
  <testcase classname="Tests.AttendanceTest" name="TC_001_VerifyAttendanceModuleDisplayed" time="1.111"/>
  <system-out/>
  <testcase classname="Tests.AttendanceTest" name="TC_002_VerifyAttendanceWithoutCapturingImage" time="4.644"/>
  <system-out/>
  <testcase classname="Tests.AttendanceTest" name="TC_003_VerifyAttendanceSubmission" time="25.073"/>
  <system-out/>
  <testcase classname="Tests.AttendanceTest" name="TC_004_VerifyAttendanceRecordedInDatabase" time="0.210"/>
  <system-out/>
</testsuite> <!-- Tests.AttendanceTest -->
