<?xml version="1.0" encoding="UTF-8"?>
<!-- Generated by org.testng.reporters.JUnitReportReporter -->
<testsuite hostname="DESKTOP-OET6KL6" failures="0" tests="3" name="Tests.AttendanceTest" time="0.000" errors="0" timestamp="2024-06-03T19:30:55 IST" skipped="3">
  <testcase classname="Tests.AttendanceTest" name="TC_001_VerifyAttendanceModuleDisplayed" time="0.000">
    <skipped/>
  </testcase> <!-- TC_001_VerifyAttendanceModuleDisplayed -->
  <system-out/>
  <testcase classname="Tests.AttendanceTest" name="TC_003_VerifyAttendanceSubmission" time="0.000">
    <skipped/>
  </testcase> <!-- TC_003_VerifyAttendanceSubmission -->
  <system-out/>
  <testcase classname="Tests.AttendanceTest" name="TC_004_VerifyAttendanceRecordedInDatabase" time="0.000">
    <skipped/>
  </testcase> <!-- TC_004_VerifyAttendanceRecordedInDatabase -->
  <system-out/>
</testsuite> <!-- Tests.AttendanceTest -->
