<?xml version="1.0" encoding="UTF-8"?>
<!-- Generated by org.testng.reporters.JUnitReportReporter -->
<testsuite hostname="DESKTOP-OET6KL6" failures="0" tests="4" name="Tests.AttendanceTest" time="31.123" errors="0" timestamp="2024-05-27T17:55:20 IST" skipped="0">
  <testcase classname="Tests.AttendanceTest" name="TC_001_VerifyAttendanceModuleDisplayed" time="1.680"/>
  <system-out/>
  <testcase classname="Tests.AttendanceTest" name="TC_002_VerifyAttendanceWithoutCapturingImage" time="5.934"/>
  <system-out/>
  <testcase classname="Tests.AttendanceTest" name="TC_003_VerifyAttendanceSubmission" time="23.187"/>
  <system-out/>
  <testcase classname="Tests.AttendanceTest" name="TC_004_VerifyAttendanceRecordedInDatabase" time="0.322"/>
  <system-out/>
</testsuite> <!-- Tests.AttendanceTest -->
