<?xml version="1.0" encoding="UTF-8"?>
<!-- Generated by org.testng.reporters.JUnitReportReporter -->
<testsuite hostname="DESKTOP-OET6KL6" failures="0" tests="3" name="Tests.AttendanceTest" time="0.000" errors="0" timestamp="2024-05-20T19:30:43 IST" skipped="3">
  <testcase classname="Tests.AttendanceTest" name="TC_001_Verify_Attendance_Module_Displayed" time="0.000">
    <skipped/>
  </testcase> <!-- TC_001_Verify_Attendance_Module_Displayed -->
  <system-out/>
  <testcase classname="Tests.AttendanceTest" name="TC_003_Verify_Attendance_Submission" time="0.000">
    <skipped/>
  </testcase> <!-- TC_003_Verify_Attendance_Submission -->
  <system-out/>
  <testcase classname="Tests.AttendanceTest" name="TC_004_Verify_Attendance_Recorded_In_Database" time="0.000">
    <skipped/>
  </testcase> <!-- TC_004_Verify_Attendance_Recorded_In_Database -->
  <system-out/>
</testsuite> <!-- Tests.AttendanceTest -->
