<?xml version="1.0" encoding="UTF-8"?>
<!-- Generated by org.testng.reporters.JUnitReportReporter -->
<testsuite hostname="DESKTOP-OET6KL6" failures="0" tests="5" name="Tests.CallPlanTest" time="535.444" errors="0" timestamp="2024-05-22T15:49:05 IST" skipped="0">
  <testcase classname="Tests.CallPlanTest" name="TC_001_Verify_Call_Plan_Module_Displayed" time="1.119"/>
  <system-out/>
  <testcase classname="Tests.CallPlanTest" name="TC_002_Verify_Sync_Button_Functionality" time="2.946"/>
  <system-out/>
  <testcase classname="Tests.CallPlanTest" name="TC_003_Verify_5_Minute_Sync_Process" time="2.614"/>
  <system-out/>
  <testcase classname="Tests.CallPlanTest" name="TC_005_Verify_Upload_Button_Without_Completing_Form" time="13.297"/>
  <system-out/>
  <testcase classname="Tests.CallPlanTest" name="TC_009_Verify_Call_Upload" time="515.468"/>
  <system-out/>
</testsuite> <!-- Tests.CallPlanTest -->
