<?xml version="1.0" encoding="UTF-8"?>
<!-- Generated by org.testng.reporters.JUnitReportReporter -->
<testsuite hostname="DESKTOP-OET6KL6" failures="0" tests="4" name="Tests.DownloadcallsTest" time="0.007" errors="0" timestamp="2023-12-22T10:47:01 IST" skipped="4">
  <testcase classname="Tests.DownloadcallsTest" name="TC_001_VerifyDownloadcalls" time="0.001">
    <skipped/>
  </testcase> <!-- TC_001_VerifyDownloadcalls -->
  <system-out/>
  <testcase classname="Tests.DownloadcallsTest" name="TC_001_VerifyDownloadcalls" time="0.002">
    <skipped/>
  </testcase> <!-- TC_001_VerifyDownloadcalls -->
  <system-out/>
  <testcase classname="Tests.DownloadcallsTest" name="TC_001_VerifyDownloadcalls" time="0.002">
    <skipped/>
  </testcase> <!-- TC_001_VerifyDownloadcalls -->
  <system-out/>
  <testcase classname="Tests.DownloadcallsTest" name="TC_001_VerifyDownloadcalls" time="0.002">
    <skipped/>
  </testcase> <!-- TC_001_VerifyDownloadcalls -->
  <system-out/>
</testsuite> <!-- Tests.DownloadcallsTest -->
