<?xml version="1.0" encoding="UTF-8"?>
<!-- Generated by org.testng.reporters.JUnitReportReporter -->
<testsuite hostname="DESKTOP-OET6KL6" failures="0" tests="7" name="Tests.ResourceCentreTest" time="0.000" errors="0" timestamp="2024-05-20T19:30:43 IST" skipped="7">
  <testcase classname="Tests.ResourceCentreTest" name="TC_001_Verify_ResourceCenter_Module_Displayed" time="0.000">
    <skipped/>
  </testcase> <!-- TC_001_Verify_ResourceCenter_Module_Displayed -->
  <system-out/>
  <testcase classname="Tests.ResourceCentreTest" name="TC002_VerifyPPTXFileDownloaded" time="0.000">
    <skipped/>
  </testcase> <!-- TC002_VerifyPPTXFileDownloaded -->
  <system-out/>
  <testcase classname="Tests.ResourceCentreTest" name="TC003_VerifyMP4FileDownloaded" time="0.000">
    <skipped/>
  </testcase> <!-- TC003_VerifyMP4FileDownloaded -->
  <system-out/>
  <testcase classname="Tests.ResourceCentreTest" name="TC004_VerifyPDFFileDownloaded" time="0.000">
    <skipped/>
  </testcase> <!-- TC004_VerifyPDFFileDownloaded -->
  <system-out/>
  <testcase classname="Tests.ResourceCentreTest" name="TC005_VerifyDOCXFileDownloaded" time="0.000">
    <skipped/>
  </testcase> <!-- TC005_VerifyDOCXFileDownloaded -->
  <system-out/>
  <testcase classname="Tests.ResourceCentreTest" name="TC006_VerifyJPGFileDownloaded" time="0.000">
    <skipped/>
  </testcase> <!-- TC006_VerifyJPGFileDownloaded -->
  <system-out/>
  <testcase classname="Tests.ResourceCentreTest" name="TC007_VerifyXLSXFileDownloaded" time="0.000">
    <skipped/>
  </testcase> <!-- TC007_VerifyXLSXFileDownloaded -->
  <system-out/>
</testsuite> <!-- Tests.ResourceCentreTest -->
