<?xml version="1.0" encoding="UTF-8"?>
<!-- Generated by org.testng.reporters.JUnitReportReporter -->
<testsuite hostname="DESKTOP-OET6KL6" failures="0" tests="7" name="Tests.DownloadcallsTest" time="0.000" errors="0" timestamp="2024-05-27T18:22:22 IST" skipped="7">
  <testcase classname="Tests.DownloadcallsTest" name="TC_001_VerifyDownloadCallsModuleIsDisplayed" time="0.000">
    <skipped/>
  </testcase> <!-- TC_001_VerifyDownloadCallsModuleIsDisplayed -->
  <system-out/>
  <testcase classname="Tests.DownloadcallsTest" name="TC_002_VerifyCallsAreDownloaded" time="0.000">
    <skipped/>
  </testcase> <!-- TC_002_VerifyCallsAreDownloaded -->
  <system-out/>
  <testcase classname="Tests.DownloadcallsTest" name="TC_003_VerifyDuplicateCallDownload" time="0.000">
    <skipped/>
  </testcase> <!-- TC_003_VerifyDuplicateCallDownload -->
  <system-out/>
  <testcase classname="Tests.DownloadcallsTest" name="TC_004_VerifyInvalidTargetDownload" time="0.000">
    <skipped/>
  </testcase> <!-- TC_004_VerifyInvalidTargetDownload -->
  <system-out/>
  <testcase classname="Tests.DownloadcallsTest" name="TC_005_VerifyRemoveButtonFunctionality" time="0.000">
    <skipped/>
  </testcase> <!-- TC_005_VerifyRemoveButtonFunctionality -->
  <system-out/>
  <testcase classname="Tests.DownloadcallsTest" name="TC_006_VerifySubmitButtonWithoutAddingTarget" time="0.000">
    <skipped/>
  </testcase> <!-- TC_006_VerifySubmitButtonWithoutAddingTarget -->
  <system-out/>
  <testcase classname="Tests.DownloadcallsTest" name="TC_007_VerifyTargetIDTextboxCharacterLimit" time="0.000">
    <skipped/>
  </testcase> <!-- TC_007_VerifyTargetIDTextboxCharacterLimit -->
  <system-out/>
</testsuite> <!-- Tests.DownloadcallsTest -->
