<?xml version="1.0" encoding="UTF-8"?>
<!-- Generated by org.testng.reporters.JUnitReportReporter -->
<testsuite hostname="DESKTOP-OET6KL6" failures="0" tests="3" name="Tests.VisitorLoginTest" time="0.000" errors="0" timestamp="2024-04-08T13:37:33 IST" skipped="3">
  <testcase classname="Tests.VisitorLoginTest" name="TC_001_Verify_VisitorLogin_Module_Displayed" time="0.000">
    <skipped/>
  </testcase> <!-- TC_001_Verify_VisitorLogin_Module_Displayed -->
  <system-out/>
  <testcase classname="Tests.VisitorLoginTest" name="TC_003_Verify_Visitor_Upload" time="0.000">
    <skipped/>
  </testcase> <!-- TC_003_Verify_Visitor_Upload -->
  <system-out/>
  <testcase classname="Tests.VisitorLoginTest" name="TC_002_Verify_Submit_Button_Without_Enter_fields">
    <skipped/>
  </testcase> <!-- TC_002_Verify_Submit_Button_Without_Enter_fields -->
  <system-out/>
</testsuite> <!-- Tests.VisitorLoginTest -->
