<?xml version="1.0" encoding="UTF-8"?>
<!-- Generated by org.testng.reporters.JUnitReportReporter -->
<testsuite hostname="DESKTOP-OET6KL6" failures="0" tests="5" name="Tests.CallPlanTest" time="1647.643" errors="0" timestamp="2024-06-04T12:33:21 IST" skipped="0">
  <testcase classname="Tests.CallPlanTest" name="TC_001_Verify_Call_Plan_Module_Displayed" time="1.392"/>
  <system-out/>
  <testcase classname="Tests.CallPlanTest" name="TC_002_Verify_Sync_Button_Functionality" time="2.877"/>
  <system-out/>
  <testcase classname="Tests.CallPlanTest" name="TC_003_Verify_5_Minute_Sync_Process" time="2.584"/>
  <system-out/>
  <testcase classname="Tests.CallPlanTest" name="TC_005_Verify_Upload_Button_Without_Completing_Form" time="18.320"/>
  <system-out/>
  <testcase classname="Tests.CallPlanTest" name="TC_009_Verify_Call_Upload" time="1622.470"/>
  <system-out/>
</testsuite> <!-- Tests.CallPlanTest -->
