<?xml version="1.0" encoding="UTF-8"?>
<!-- Generated by org.testng.reporters.JUnitReportReporter -->
<testsuite hostname="DESKTOP-OET6KL6" failures="0" tests="1" name="Tests.LoginTest" time="17.222" errors="0" timestamp="2024-05-29T12:45:23 IST" skipped="0">
  <testcase classname="Tests.LoginTest" name="TC_001_Verify_Login_With_Valid_Credentials" time="17.222"/>
  <system-out/>
</testsuite> <!-- Tests.LoginTest -->
